<?xml version="1.0" encoding="UTF-8"?>
<!-- Generated by org.testng.reporters.JUnitReportReporter -->
<testsuite skipped="0" hostname="dell-PC" name="automationScript.ContactRunnerScript" tests="1" failures="0" timestamp="12 Jan 2019 18:22:10 GMT" time="29.791" errors="0">
  <testcase name="contact" time="29.791" classname="automationScript.ContactRunnerScript"/>
</testsuite> <!-- automationScript.ContactRunnerScript -->
