<?xml version="1.0" encoding="UTF-8"?>
<!-- Generated by org.testng.reporters.JUnitReportReporter -->
<testsuite skipped="0" hostname="dell-PC" name="automationScript.RunnerScript" tests="1" failures="0" timestamp="12 Jan 2019 16:01:33 GMT" time="44.150" errors="0">
  <testcase name="accountCreate" time="44.150" classname="automationScript.RunnerScript"/>
</testsuite> <!-- automationScript.RunnerScript -->
